d:\github projects\memory-engine\blackbone\src\blackbone\x64\release\blackbone.pdb
d:\github projects\memory-engine\blackbone\src\blackbone\x64\release\drivercontrol.obj
d:\github projects\memory-engine\blackbone\src\blackbone\x64\release\asmhelper64.obj
d:\github projects\memory-engine\blackbone\src\blackbone\x64\release\x86operand_regs.obj
d:\github projects\memory-engine\blackbone\src\blackbone\x64\release\x86operand.obj
d:\github projects\memory-engine\blackbone\src\blackbone\x64\release\x86inst.obj
d:\github projects\memory-engine\blackbone\src\blackbone\x64\release\x86cpuinfo.obj
d:\github projects\memory-engine\blackbone\src\blackbone\x64\release\x86assembler.obj
d:\github projects\memory-engine\blackbone\src\blackbone\x64\release\zone.obj
d:\github projects\memory-engine\blackbone\src\blackbone\x64\release\vmem.obj
d:\github projects\memory-engine\blackbone\src\blackbone\x64\release\string.obj
d:\github projects\memory-engine\blackbone\src\blackbone\x64\release\runtime.obj
d:\github projects\memory-engine\blackbone\src\blackbone\x64\release\operand.obj
d:\github projects\memory-engine\blackbone\src\blackbone\x64\release\globals.obj
d:\github projects\memory-engine\blackbone\src\blackbone\x64\release\error.obj
d:\github projects\memory-engine\blackbone\src\blackbone\x64\release\cputicks.obj
d:\github projects\memory-engine\blackbone\src\blackbone\x64\release\cpuinfo.obj
d:\github projects\memory-engine\blackbone\src\blackbone\x64\release\containers.obj
d:\github projects\memory-engine\blackbone\src\blackbone\x64\release\constpool.obj
d:\github projects\memory-engine\blackbone\src\blackbone\x64\release\codegen.obj
d:\github projects\memory-engine\blackbone\src\blackbone\x64\release\assembler.obj
d:\github projects\memory-engine\blackbone\src\blackbone\x64\release\remotememory.obj
d:\github projects\memory-engine\blackbone\src\blackbone\x64\release\remotelocalhook.obj
d:\github projects\memory-engine\blackbone\src\blackbone\x64\release\remotehook.obj
d:\github projects\memory-engine\blackbone\src\blackbone\x64\release\remoteexec.obj
d:\github projects\memory-engine\blackbone\src\blackbone\x64\release\processmodules.obj
d:\github projects\memory-engine\blackbone\src\blackbone\x64\release\processmemory.obj
d:\github projects\memory-engine\blackbone\src\blackbone\x64\release\processcore.obj
d:\github projects\memory-engine\blackbone\src\blackbone\x64\release\process.obj
d:\github projects\memory-engine\blackbone\src\blackbone\x64\release\memblock.obj
d:\github projects\memory-engine\blackbone\src\blackbone\x64\release\peimage.obj
d:\github projects\memory-engine\blackbone\src\blackbone\x64\release\imagenet.obj
d:\github projects\memory-engine\blackbone\src\blackbone\x64\release\patternsearch.obj
d:\github projects\memory-engine\blackbone\src\blackbone\x64\release\utils.obj
d:\github projects\memory-engine\blackbone\src\blackbone\x64\release\nameresolve.obj
d:\github projects\memory-engine\blackbone\src\blackbone\x64\release\dynimport.obj
d:\github projects\memory-engine\blackbone\src\blackbone\x64\release\ntloader.obj
d:\github projects\memory-engine\blackbone\src\blackbone\x64\release\mmap.obj
d:\github projects\memory-engine\blackbone\src\blackbone\x64\release\mexcept.obj
d:\github projects\memory-engine\blackbone\src\blackbone\x64\release\tracehook.obj
d:\github projects\memory-engine\blackbone\src\blackbone\x64\release\localhookbase.obj
d:\github projects\memory-engine\blackbone\src\blackbone\x64\release\x86subsystem.obj
d:\github projects\memory-engine\blackbone\src\blackbone\x64\release\wow64subsystem.obj
d:\github projects\memory-engine\blackbone\src\blackbone\x64\release\wow64local.obj
d:\github projects\memory-engine\blackbone\src\blackbone\x64\release\nativesubsystem.obj
d:\github projects\memory-engine\blackbone\src\blackbone\x64\release\threads.obj
d:\github projects\memory-engine\blackbone\src\blackbone\x64\release\thread.obj
d:\github projects\memory-engine\blackbone\src\blackbone\x64\release\ldasm.obj
d:\github projects\memory-engine\build\x64\release\blackbone.lib
d:\github projects\memory-engine\blackbone\src\blackbone\x64\release\blackbone.tlog\cl.command.1.tlog
d:\github projects\memory-engine\blackbone\src\blackbone\x64\release\blackbone.tlog\cl.read.1.tlog
d:\github projects\memory-engine\blackbone\src\blackbone\x64\release\blackbone.tlog\cl.write.1.tlog
d:\github projects\memory-engine\blackbone\src\blackbone\x64\release\blackbone.tlog\lib-link.read.1.tlog
d:\github projects\memory-engine\blackbone\src\blackbone\x64\release\blackbone.tlog\lib-link.write.1.tlog
d:\github projects\memory-engine\blackbone\src\blackbone\x64\release\blackbone.tlog\lib.command.1.tlog
