  assembler.cpp
  codegen.cpp
  constpool.cpp
  containers.cpp
  cpuinfo.cpp
  cputicks.cpp
  error.cpp
  globals.cpp
  operand.cpp
  runtime.cpp
  string.cpp
  vmem.cpp
  zone.cpp
  x86assembler.cpp
  x86cpuinfo.cpp
  x86inst.cpp
  x86operand.cpp
  x86operand_regs.cpp
  AsmHelper64.cpp
  DriverControl.cpp
  Compiling...
  LocalHookBase.cpp
  TraceHook.cpp
  MExcept.cpp
  MMap.cpp
  NtLoader.cpp
  DynImport.cpp
  NameResolve.cpp
  Utils.cpp
  PatternSearch.cpp
  ImageNET.cpp
  PEImage.cpp
  MemBlock.cpp
  Process.cpp
  ProcessCore.cpp
  ProcessMemory.cpp
  ProcessModules.cpp
  RemoteExec.cpp
  RemoteHook.cpp
  RemoteLocalHook.cpp
Process\RPC\RemoteLocalHook.cpp(148): warning C4244: '+=': conversion from '__int64' to 'int32_t', possible loss of data
Process\RPC\RemoteLocalHook.cpp(165): warning C4311: 'type cast': pointer truncation from 'uint8_t *' to 'int32_t'
Process\RPC\RemoteLocalHook.cpp(165): warning C4302: 'type cast': truncation from 'uint8_t *' to 'int32_t'
  RemoteMemory.cpp
  Compiling...
  Thread.cpp
  Threads.cpp
  NativeSubsystem.cpp
  Wow64Local.cpp
  Wow64Subsystem.cpp
  x86Subsystem.cpp
  LDasm.c
  BlackBone.vcxproj -> D:\GitHub Projects\Memory-Engine\build\x64\Release\BlackBone.lib
