  assembler.cpp
  codegen.cpp
  constpool.cpp
  containers.cpp
  cpuinfo.cpp
  cputicks.cpp
  error.cpp
  globals.cpp
  operand.cpp
  runtime.cpp
  string.cpp
  vmem.cpp
  zone.cpp
  x86assembler.cpp
  x86cpuinfo.cpp
  x86inst.cpp
  x86operand.cpp
  x86operand_regs.cpp
  AsmHelper32.cpp
  DriverControl.cpp
  Compiling...
  LocalHookBase.cpp
  TraceHook.cpp
  MExcept.cpp
  MMap.cpp
  NtLoader.cpp
  DynImport.cpp
  NameResolve.cpp
  Utils.cpp
  PatternSearch.cpp
  ImageNET.cpp
  PEImage.cpp
  MemBlock.cpp
  Process.cpp
  ProcessCore.cpp
  ProcessMemory.cpp
  ProcessModules.cpp
  RemoteExec.cpp
  RemoteHook.cpp
  RemoteLocalHook.cpp
  RemoteMemory.cpp
  Compiling...
  Thread.cpp
  Threads.cpp
  NativeSubsystem.cpp
  Wow64Local.cpp
  Wow64Subsystem.cpp
  x86Subsystem.cpp
  LDasm.c
  BlackBone.vcxproj -> C:\Users\Ulysse\Documents\Driver BlackBone\Blackbone\build\Win32\Release\BlackBone.lib
