  Moc'ing Search.h...
  moc_Search.cpp
c:\users\ulysse\documents\visual studio 2015\projects\qtpro\qtpro\generatedfiles\release\../../Search.h(36): warning C4091: 'typedef ': ignored on left of 'SEARCH_CONDITION' when no variable is declared
  Search.cpp
c:\users\ulysse\documents\visual studio 2015\projects\qtpro\qtpro\Search.h(36): warning C4091: 'typedef ': ignored on left of 'SEARCH_CONDITION' when no variable is declared
Search.cpp(312): warning C4477: 'printf' : format string '%08x' requires an argument of type 'unsigned int', but variadic argument 1 has type 'unsigned char *'
Search.cpp(312): warning C4313: 'printf': '%x' in format string conflicts with argument 1 of type 'unsigned char *'
Search.cpp(326): warning C4312: 'type cast': conversion from 'unsigned int' to 'void *' of greater size
Search.cpp(336): warning C4312: 'type cast': conversion from 'unsigned int' to 'void *' of greater size
Search.cpp(355): warning C4311: 'type cast': pointer truncation from 'unsigned char *' to 'unsigned int'
Search.cpp(356): warning C4477: 'printf' : format string '%08x' requires an argument of type 'unsigned int', but variadic argument 1 has type 'unsigned char *'
Search.cpp(356): warning C4313: 'printf': '%x' in format string conflicts with argument 1 of type 'unsigned char *'
  qtpro.cpp
c:\users\ulysse\documents\visual studio 2015\projects\qtpro\qtpro\Search.h(36): warning C4091: 'typedef ': ignored on left of 'SEARCH_CONDITION' when no variable is declared
  Generating Code...
c:\users\ulysse\documents\visual studio 2015\projects\qtpro\qtpro\search.cpp(526): warning C4715: 'SearchWindow::ReturnDataSize': not all control paths return a value
  BlackBone.lib(ProcessCore.obj) : MSIL .netmodule or module compiled with /GL found; restarting link with /LTCG; add /LTCG to the link command line to improve linker performance
     Creating library C:\Users\Ulysse\Documents\Visual Studio 2015\Projects\QtPro\x64\Release\QtPro.lib and object C:\Users\Ulysse\Documents\Visual Studio 2015\Projects\QtPro\x64\Release\QtPro.exp
  Generating code
  Finished generating code
  QtPro.vcxproj -> C:\Users\Ulysse\Documents\Visual Studio 2015\Projects\QtPro\x64\Release\QtPro.exe
