c:\users\ulysse\documents\visual studio 2015\projects\qtpro\qtpro\x64\release\memorymap.obj
c:\users\ulysse\documents\visual studio 2015\projects\qtpro\qtpro\x64\release\moc_aboutcpp.obj
c:\users\ulysse\documents\visual studio 2015\projects\qtpro\qtpro\x64\release\debugger.obj
c:\users\ulysse\documents\visual studio 2015\projects\qtpro\qtpro\x64\release\debuggedprocess.obj
c:\users\ulysse\documents\visual studio 2015\projects\qtpro\qtpro\x64\release\checkperformance.obj
c:\users\ulysse\documents\visual studio 2015\projects\qtpro\qtpro\x64\release\aboutcpp.obj
c:\users\ulysse\documents\visual studio 2015\projects\qtpro\qtpro\x64\release\threadlist.obj
c:\users\ulysse\documents\visual studio 2015\projects\qtpro\qtpro\x64\release\driverimplementation.obj
c:\users\ulysse\documents\visual studio 2015\projects\qtpro\qtpro\x64\release\mymutexes.obj
c:\users\ulysse\documents\visual studio 2015\projects\qtpro\qtpro\x64\release\modules.obj
c:\users\ulysse\documents\visual studio 2015\projects\qtpro\qtpro\x64\release\qrc_qtpro.obj
c:\users\ulysse\documents\visual studio 2015\projects\qtpro\qtpro\x64\release\openprocess.obj
c:\users\ulysse\documents\visual studio 2015\projects\qtpro\qtpro\x64\release\logs.obj
c:\users\ulysse\documents\visual studio 2015\projects\qtpro\qtpro\x64\release\search.obj
c:\users\ulysse\documents\visual studio 2015\projects\qtpro\qtpro\x64\release\qtpro.obj
c:\users\ulysse\documents\visual studio 2015\projects\qtpro\qtpro\x64\release\typebox.obj
c:\users\ulysse\documents\visual studio 2015\projects\qtpro\qtpro\x64\release\results.obj
c:\users\ulysse\documents\visual studio 2015\projects\qtpro\qtpro\x64\release\inputcomment.obj
c:\users\ulysse\documents\visual studio 2015\projects\qtpro\qtpro\x64\release\moc_typebox.obj
c:\users\ulysse\documents\visual studio 2015\projects\qtpro\qtpro\x64\release\moc_search.obj
c:\users\ulysse\documents\visual studio 2015\projects\qtpro\qtpro\x64\release\moc_results.obj
c:\users\ulysse\documents\visual studio 2015\projects\qtpro\qtpro\x64\release\moc_inputcomment.obj
c:\users\ulysse\documents\visual studio 2015\projects\qtpro\qtpro\x64\release\memoryviewer.obj
c:\users\ulysse\documents\visual studio 2015\projects\qtpro\qtpro\x64\release\main.obj
c:\users\ulysse\documents\visual studio 2015\projects\qtpro\qtpro\x64\release\memread.obj
c:\users\ulysse\documents\visual studio 2015\projects\qtpro\qtpro\x64\release\inputgotobox.obj
c:\users\ulysse\documents\visual studio 2015\projects\qtpro\qtpro\x64\release\moc_qtpro.obj
c:\users\ulysse\documents\visual studio 2015\projects\qtpro\qtpro\x64\release\moc_memoryviewer.obj
c:\users\ulysse\documents\visual studio 2015\projects\qtpro\qtpro\x64\release\moc_logs.obj
c:\users\ulysse\documents\visual studio 2015\projects\qtpro\qtpro\x64\release\moc_inputgotobox.obj
c:\users\ulysse\documents\visual studio 2015\projects\qtpro\qtpro\generatedfiles\release\moc_qtpro.cpp
c:\users\ulysse\documents\visual studio 2015\projects\qtpro\qtpro\generatedfiles\release\moc_aboutcpp.cpp
c:\users\ulysse\documents\visual studio 2015\projects\qtpro\qtpro\generatedfiles\release\moc_inputgotobox.cpp
c:\users\ulysse\documents\visual studio 2015\projects\qtpro\qtpro\generatedfiles\release\moc_inputcomment.cpp
c:\users\ulysse\documents\visual studio 2015\projects\qtpro\qtpro\generatedfiles\release\moc_results.cpp
c:\users\ulysse\documents\visual studio 2015\projects\qtpro\qtpro\generatedfiles\release\moc_memoryviewer.cpp
c:\users\ulysse\documents\visual studio 2015\projects\qtpro\qtpro\generatedfiles\release\moc_typebox.cpp
c:\users\ulysse\documents\visual studio 2015\projects\qtpro\qtpro\generatedfiles\qrc_qtpro.cpp
c:\users\ulysse\documents\visual studio 2015\projects\qtpro\qtpro\generatedfiles\release\moc_logs.cpp
c:\users\ulysse\documents\visual studio 2015\projects\qtpro\qtpro\generatedfiles\release\moc_search.cpp
c:\users\ulysse\documents\visual studio 2015\projects\qtpro\x64\release\qtpro.exe
c:\users\ulysse\documents\visual studio 2015\projects\qtpro\x64\release\qtpro.lib
c:\users\ulysse\documents\visual studio 2015\projects\qtpro\x64\release\qtpro.exp
c:\users\ulysse\documents\visual studio 2015\projects\qtpro\qtpro\x64\release\qtpro.res
d:\github projects\memory-engine\qtpro\x64\release\qtpro.vcxprojresolveassemblyreference.cache
d:\github projects\memory-engine\qtpro\x64\release\aboutcpp.obj
d:\github projects\memory-engine\qtpro\x64\release\checkperformance.obj
d:\github projects\memory-engine\qtpro\x64\release\debuggedprocess.obj
d:\github projects\memory-engine\qtpro\x64\release\debugger.obj
d:\github projects\memory-engine\qtpro\x64\release\driverimplementation.obj
d:\github projects\memory-engine\qtpro\x64\release\inputcomment.obj
d:\github projects\memory-engine\qtpro\x64\release\inputgotobox.obj
d:\github projects\memory-engine\qtpro\x64\release\logs.obj
d:\github projects\memory-engine\qtpro\x64\release\main.obj
d:\github projects\memory-engine\qtpro\x64\release\memorymap.obj
d:\github projects\memory-engine\qtpro\x64\release\memoryviewer.obj
d:\github projects\memory-engine\qtpro\x64\release\memread.obj
d:\github projects\memory-engine\qtpro\x64\release\moc_aboutcpp.obj
d:\github projects\memory-engine\qtpro\x64\release\moc_inputcomment.obj
d:\github projects\memory-engine\qtpro\x64\release\moc_inputgotobox.obj
d:\github projects\memory-engine\qtpro\x64\release\moc_logs.obj
d:\github projects\memory-engine\qtpro\x64\release\moc_memoryviewer.obj
d:\github projects\memory-engine\qtpro\x64\release\moc_qtpro.obj
d:\github projects\memory-engine\qtpro\x64\release\moc_results.obj
d:\github projects\memory-engine\qtpro\x64\release\moc_search.obj
d:\github projects\memory-engine\qtpro\x64\release\moc_typebox.obj
d:\github projects\memory-engine\qtpro\x64\release\modules.obj
d:\github projects\memory-engine\qtpro\x64\release\mymutexes.obj
d:\github projects\memory-engine\qtpro\x64\release\openprocess.obj
d:\github projects\memory-engine\qtpro\x64\release\qrc_qtpro.obj
d:\github projects\memory-engine\qtpro\x64\release\qtpro.obj
d:\github projects\memory-engine\qtpro\x64\release\results.obj
d:\github projects\memory-engine\qtpro\x64\release\search.obj
d:\github projects\memory-engine\qtpro\x64\release\threadlist.obj
d:\github projects\memory-engine\qtpro\x64\release\typebox.obj
d:\github projects\memory-engine\qtpro\x64\release\qtpro.res
d:\github projects\memory-engine\x64\release\qtpro.exe
d:\github projects\memory-engine\qtpro\x64\release\qtpro.tlog\cl.command.1.tlog
d:\github projects\memory-engine\qtpro\x64\release\qtpro.tlog\cl.read.1.tlog
d:\github projects\memory-engine\qtpro\x64\release\qtpro.tlog\cl.write.1.tlog
d:\github projects\memory-engine\qtpro\x64\release\qtpro.tlog\custombuild.command.1.tlog
d:\github projects\memory-engine\qtpro\x64\release\qtpro.tlog\custombuild.read.1.tlog
d:\github projects\memory-engine\qtpro\x64\release\qtpro.tlog\custombuild.write.1.tlog
d:\github projects\memory-engine\qtpro\x64\release\qtpro.tlog\link.command.1.tlog
d:\github projects\memory-engine\qtpro\x64\release\qtpro.tlog\link.read.1.tlog
d:\github projects\memory-engine\qtpro\x64\release\qtpro.tlog\link.write.1.tlog
d:\github projects\memory-engine\qtpro\x64\release\qtpro.tlog\qtpro.write.1u.tlog
d:\github projects\memory-engine\qtpro\x64\release\qtpro.tlog\rc.command.1.tlog
d:\github projects\memory-engine\qtpro\x64\release\qtpro.tlog\rc.read.1.tlog
d:\github projects\memory-engine\qtpro\x64\release\qtpro.tlog\rc.write.1.tlog
